D:\C艹练习\3乘以3矩阵转置\DEBUG\源.OBJ
D:\C艹练习\3乘以3矩阵转置\DEBUG\VC110.PDB
D:\C艹练习\3乘以3矩阵转置\DEBUG\3乘以3矩阵转置.ILK
D:\C艹练习\3乘以3矩阵转置\DEBUG\3乘以3矩阵转置.EXE
D:\C艹练习\3乘以3矩阵转置\DEBUG\3乘以3矩阵转置.PDB
D:\C艹练习\3乘以3矩阵转置\Debug\源.obj
D:\C艹练习\3乘以3矩阵转置\Debug\3乘以3矩阵转置.ilk
D:\C艹练习\3乘以3矩阵转置\Debug\cl.command.1.tlog
D:\C艹练习\3乘以3矩阵转置\Debug\CL.read.1.tlog
D:\C艹练习\3乘以3矩阵转置\Debug\CL.write.1.tlog
D:\C艹练习\3乘以3矩阵转置\Debug\link-cvtres.read.1.tlog
D:\C艹练习\3乘以3矩阵转置\Debug\link-cvtres.write.1.tlog
D:\C艹练习\3乘以3矩阵转置\Debug\link-rc.read.1.tlog
D:\C艹练习\3乘以3矩阵转置\Debug\link-rc.write.1.tlog
D:\C艹练习\3乘以3矩阵转置\Debug\link.command.1.tlog
D:\C艹练习\3乘以3矩阵转置\Debug\link.read.1.tlog
D:\C艹练习\3乘以3矩阵转置\Debug\link.write.1.tlog
D:\C艹练习\3乘以3矩阵转置\Debug\vc110.idb
D:\C艹练习\3乘以3矩阵转置\Debug\3乘以3矩阵转置.pdb
D:\C艹练习\3乘以3矩阵转置\Debug\vc110.pdb
D:\C艹练习\3乘以3矩阵转置\Debug\3乘以3矩阵转置.exe
