D:\C艹练习\九九表\DEBUG\源.OBJ
D:\C艹练习\九九表\DEBUG\VC110.PDB
D:\C艹练习\九九表\DEBUG\九九表.ILK
D:\C艹练习\九九表\DEBUG\九九表.EXE
D:\C艹练习\九九表\DEBUG\九九表.PDB
D:\C艹练习\九九表\Debug\源.obj
D:\C艹练习\九九表\Debug\九九表.ilk
D:\C艹练习\九九表\Debug\cl.command.1.tlog
D:\C艹练习\九九表\Debug\CL.read.1.tlog
D:\C艹练习\九九表\Debug\CL.write.1.tlog
D:\C艹练习\九九表\Debug\link-cvtres.read.1.tlog
D:\C艹练习\九九表\Debug\link-cvtres.write.1.tlog
D:\C艹练习\九九表\Debug\link-rc.read.1.tlog
D:\C艹练习\九九表\Debug\link-rc.write.1.tlog
D:\C艹练习\九九表\Debug\link.command.1.tlog
D:\C艹练习\九九表\Debug\link.read.1.tlog
D:\C艹练习\九九表\Debug\link.write.1.tlog
D:\C艹练习\九九表\Debug\vc110.idb
D:\C艹练习\九九表\Debug\vc110.pdb
D:\C艹练习\九九表\Debug\九九表.pdb
D:\C艹练习\九九表\Debug\九九表.exe
