D:\C艹练习\CLIENT类\DEBUG\源.OBJ
D:\C艹练习\CLIENT类\DEBUG\VC110.PDB
D:\C艹练习\CLIENT类\DEBUG\CLIENT类.ILK
D:\C艹练习\CLIENT类\DEBUG\CLIENT类.EXE
D:\C艹练习\CLIENT类\DEBUG\CLIENT类.PDB
D:\C艹练习\CLIENT类\Debug\源.obj
D:\C艹练习\CLIENT类\Debug\CLIENT类.ilk
D:\C艹练习\CLIENT类\Debug\cl.command.1.tlog
D:\C艹练习\CLIENT类\Debug\CL.read.1.tlog
D:\C艹练习\CLIENT类\Debug\CL.write.1.tlog
D:\C艹练习\CLIENT类\Debug\link-cvtres.read.1.tlog
D:\C艹练习\CLIENT类\Debug\link-cvtres.write.1.tlog
D:\C艹练习\CLIENT类\Debug\link-rc.read.1.tlog
D:\C艹练习\CLIENT类\Debug\link-rc.write.1.tlog
D:\C艹练习\CLIENT类\Debug\link.command.1.tlog
D:\C艹练习\CLIENT类\Debug\link.read.1.tlog
D:\C艹练习\CLIENT类\Debug\link.write.1.tlog
D:\C艹练习\CLIENT类\Debug\vc110.idb
D:\C艹练习\CLIENT类\Debug\CLIENT类.pdb
D:\C艹练习\CLIENT类\Debug\vc110.pdb
D:\C艹练习\CLIENT类\Debug\CLIENT类.exe
