D:\C艹练习\9月7练习\DEBUG\源.OBJ
D:\C艹练习\9月7练习\DEBUG\VC110.PDB
D:\C艹练习\9月7练习\DEBUG\9月7练习.ILK
D:\C艹练习\9月7练习\DEBUG\9月7练习.EXE
D:\C艹练习\9月7练习\DEBUG\9月7练习.PDB
D:\C艹练习\9月7练习\Debug\源.obj
D:\C艹练习\9月7练习\Debug\9月7练习.ilk
D:\C艹练习\9月7练习\Debug\cl.command.1.tlog
D:\C艹练习\9月7练习\Debug\CL.read.1.tlog
D:\C艹练习\9月7练习\Debug\CL.write.1.tlog
D:\C艹练习\9月7练习\Debug\link-cvtres.read.1.tlog
D:\C艹练习\9月7练习\Debug\link-cvtres.write.1.tlog
D:\C艹练习\9月7练习\Debug\link-rc.read.1.tlog
D:\C艹练习\9月7练习\Debug\link-rc.write.1.tlog
D:\C艹练习\9月7练习\Debug\link.command.1.tlog
D:\C艹练习\9月7练习\Debug\link.read.1.tlog
D:\C艹练习\9月7练习\Debug\link.write.1.tlog
D:\C艹练习\9月7练习\Debug\vc110.idb
D:\C艹练习\9月7练习\Debug\9月7练习.pdb
D:\C艹练习\9月7练习\Debug\vc110.pdb
D:\C艹练习\9月7练习\Debug\9月7练习.exe
