D:\C艹练习\PEOPLE类运算符重载\DEBUG\PEOPLE.OBJ
D:\C艹练习\PEOPLE类运算符重载\DEBUG\VC110.PDB
D:\C艹练习\PEOPLE类运算符重载\DEBUG\PEOPLE类运算符重载.ILK
D:\C艹练习\PEOPLE类运算符重载\DEBUG\PEOPLE类运算符重载.EXE
D:\C艹练习\PEOPLE类运算符重载\DEBUG\PEOPLE类运算符重载.PDB
D:\C艹练习\People类运算符重载\Debug\people.obj
D:\C艹练习\People类运算符重载\Debug\People类运算符重载.ilk
D:\C艹练习\People类运算符重载\Debug\cl.command.1.tlog
D:\C艹练习\People类运算符重载\Debug\CL.read.1.tlog
D:\C艹练习\People类运算符重载\Debug\CL.write.1.tlog
D:\C艹练习\People类运算符重载\Debug\link-cvtres.read.1.tlog
D:\C艹练习\People类运算符重载\Debug\link-cvtres.write.1.tlog
D:\C艹练习\People类运算符重载\Debug\link-rc.read.1.tlog
D:\C艹练习\People类运算符重载\Debug\link-rc.write.1.tlog
D:\C艹练习\People类运算符重载\Debug\link.command.1.tlog
D:\C艹练习\People类运算符重载\Debug\link.read.1.tlog
D:\C艹练习\People类运算符重载\Debug\link.write.1.tlog
D:\C艹练习\People类运算符重载\Debug\vc110.idb
D:\C艹练习\People类运算符重载\Debug\People类运算符重载.pdb
D:\C艹练习\People类运算符重载\Debug\vc110.pdb
D:\C艹练习\People类运算符重载\Debug\People类运算符重载.exe
