D:\C艹练习\C语言中的文件复习一\DEBUG\源.OBJ
D:\C艹练习\C语言中的文件复习一\DEBUG\VC110.PDB
D:\C艹练习\COMPUT类\DEBUG\C语言中的文件复习一.ILK
D:\C艹练习\COMPUT类\DEBUG\C语言中的文件复习一.EXE
D:\C艹练习\COMPUT类\DEBUG\C语言中的文件复习一.PDB
D:\C艹练习\c语言中的文件复习一\Debug\源.obj
D:\C艹练习\c语言中的文件复习一\Debug\cl.command.1.tlog
D:\C艹练习\c语言中的文件复习一\Debug\CL.read.1.tlog
D:\C艹练习\c语言中的文件复习一\Debug\CL.write.1.tlog
D:\C艹练习\c语言中的文件复习一\Debug\link-cvtres.read.1.tlog
D:\C艹练习\c语言中的文件复习一\Debug\link-cvtres.write.1.tlog
D:\C艹练习\c语言中的文件复习一\Debug\link-rc.read.1.tlog
D:\C艹练习\c语言中的文件复习一\Debug\link-rc.write.1.tlog
D:\C艹练习\c语言中的文件复习一\Debug\link.command.1.tlog
D:\C艹练习\c语言中的文件复习一\Debug\link.read.1.tlog
D:\C艹练习\c语言中的文件复习一\Debug\link.write.1.tlog
D:\C艹练习\c语言中的文件复习一\Debug\vc110.idb
D:\C艹练习\c语言中的文件复习一\Debug\vc110.pdb
D:\C艹练习\comput类\Debug\c语言中的文件复习一.pdb
D:\C艹练习\comput类\Debug\c语言中的文件复习一.exe
D:\C艹练习\comput类\Debug\c语言中的文件复习一.ilk
