D:\C艹练习\POINT类重载运算符\DEBUG\POINT.OBJ
D:\C艹练习\POINT类重载运算符\DEBUG\VC110.PDB
D:\C艹练习\POINT类重载运算符\DEBUG\POINT类重载运算符.ILK
D:\C艹练习\POINT类重载运算符\DEBUG\POINT类重载运算符.EXE
D:\C艹练习\POINT类重载运算符\DEBUG\POINT类重载运算符.PDB
D:\C艹练习\Point类重载运算符\Debug\point.obj
D:\C艹练习\Point类重载运算符\Debug\Point类重载运算符.ilk
D:\C艹练习\Point类重载运算符\Debug\cl.command.1.tlog
D:\C艹练习\Point类重载运算符\Debug\CL.read.1.tlog
D:\C艹练习\Point类重载运算符\Debug\CL.write.1.tlog
D:\C艹练习\Point类重载运算符\Debug\link-cvtres.read.1.tlog
D:\C艹练习\Point类重载运算符\Debug\link-cvtres.write.1.tlog
D:\C艹练习\Point类重载运算符\Debug\link-rc.read.1.tlog
D:\C艹练习\Point类重载运算符\Debug\link-rc.write.1.tlog
D:\C艹练习\Point类重载运算符\Debug\link.command.1.tlog
D:\C艹练习\Point类重载运算符\Debug\link.read.1.tlog
D:\C艹练习\Point类重载运算符\Debug\link.write.1.tlog
D:\C艹练习\Point类重载运算符\Debug\vc110.idb
D:\C艹练习\Point类重载运算符\Debug\Point类重载运算符.pdb
D:\C艹练习\Point类重载运算符\Debug\vc110.pdb
D:\C艹练习\Point类重载运算符\Debug\Point类重载运算符.exe
