D:\C艹练习\质数判断\DEBUG\源.OBJ
D:\C艹练习\质数判断\DEBUG\VC110.PDB
D:\C艹练习\质数判断\DEBUG\质数判断.ILK
D:\C艹练习\质数判断\DEBUG\质数判断.EXE
D:\C艹练习\质数判断\DEBUG\质数判断.PDB
D:\C艹练习\质数判断\Debug\源.obj
D:\C艹练习\质数判断\Debug\质数判断.ilk
D:\C艹练习\质数判断\Debug\cl.command.1.tlog
D:\C艹练习\质数判断\Debug\CL.read.1.tlog
D:\C艹练习\质数判断\Debug\CL.write.1.tlog
D:\C艹练习\质数判断\Debug\link-cvtres.read.1.tlog
D:\C艹练习\质数判断\Debug\link-cvtres.write.1.tlog
D:\C艹练习\质数判断\Debug\link-rc.read.1.tlog
D:\C艹练习\质数判断\Debug\link-rc.write.1.tlog
D:\C艹练习\质数判断\Debug\link.command.1.tlog
D:\C艹练习\质数判断\Debug\link.read.1.tlog
D:\C艹练习\质数判断\Debug\link.write.1.tlog
D:\C艹练习\质数判断\Debug\vc110.idb
D:\C艹练习\质数判断\Debug\vc110.pdb
D:\C艹练习\质数判断\Debug\质数判断.pdb
D:\C艹练习\质数判断\Debug\质数判断.exe
