D:\C艹练习\PEOPLE类\DEBUG\源.OBJ
D:\C艹练习\PEOPLE类\DEBUG\VC110.PDB
D:\C艹练习\PEOPLE类\DEBUG\PEOPLE类.ILK
D:\C艹练习\PEOPLE类\DEBUG\PEOPLE类.EXE
D:\C艹练习\PEOPLE类\DEBUG\PEOPLE类.PDB
D:\C艹练习\People类\Debug\源.obj
D:\C艹练习\People类\Debug\People类.ilk
D:\C艹练习\People类\Debug\cl.command.1.tlog
D:\C艹练习\People类\Debug\CL.read.1.tlog
D:\C艹练习\People类\Debug\CL.write.1.tlog
D:\C艹练习\People类\Debug\link-cvtres.read.1.tlog
D:\C艹练习\People类\Debug\link-cvtres.write.1.tlog
D:\C艹练习\People类\Debug\link-rc.read.1.tlog
D:\C艹练习\People类\Debug\link-rc.write.1.tlog
D:\C艹练习\People类\Debug\link.command.1.tlog
D:\C艹练习\People类\Debug\link.read.1.tlog
D:\C艹练习\People类\Debug\link.write.1.tlog
D:\C艹练习\People类\Debug\vc110.idb
D:\C艹练习\People类\Debug\People类.pdb
D:\C艹练习\People类\Debug\vc110.pdb
D:\C艹练习\People类\Debug\People类.exe
