D:\C艹练习\斐波那契级数\DEBUG\源.OBJ
D:\C艹练习\斐波那契级数\DEBUG\VC110.PDB
D:\C艹练习\斐波那契级数\DEBUG\斐波那契级数.ILK
D:\C艹练习\斐波那契级数\DEBUG\斐波那契级数.EXE
D:\C艹练习\斐波那契级数\DEBUG\斐波那契级数.PDB
D:\C艹练习\斐波那契级数\Debug\源.obj
D:\C艹练习\斐波那契级数\Debug\斐波那契级数.ilk
D:\C艹练习\斐波那契级数\Debug\cl.command.1.tlog
D:\C艹练习\斐波那契级数\Debug\CL.read.1.tlog
D:\C艹练习\斐波那契级数\Debug\CL.write.1.tlog
D:\C艹练习\斐波那契级数\Debug\link-cvtres.read.1.tlog
D:\C艹练习\斐波那契级数\Debug\link-cvtres.write.1.tlog
D:\C艹练习\斐波那契级数\Debug\link-rc.read.1.tlog
D:\C艹练习\斐波那契级数\Debug\link-rc.write.1.tlog
D:\C艹练习\斐波那契级数\Debug\link.command.1.tlog
D:\C艹练习\斐波那契级数\Debug\link.read.1.tlog
D:\C艹练习\斐波那契级数\Debug\link.write.1.tlog
D:\C艹练习\斐波那契级数\Debug\vc110.idb
D:\C艹练习\斐波那契级数\Debug\vc110.pdb
D:\C艹练习\斐波那契级数\Debug\斐波那契级数.pdb
D:\C艹练习\斐波那契级数\Debug\斐波那契级数.exe
