D:\C艹练习\ARRAY类模板\DEBUG\源.OBJ
D:\C艹练习\ARRAY类模板\DEBUG\VC110.PDB
D:\C艹练习\ARRAY类模板\DEBUG\ARRAY类模板.ILK
D:\C艹练习\ARRAY类模板\DEBUG\ARRAY类模板.EXE
D:\C艹练习\ARRAY类模板\DEBUG\ARRAY类模板.PDB
D:\C艹练习\Array类模板\Debug\源.obj
D:\C艹练习\Array类模板\Debug\Array类模板.ilk
D:\C艹练习\Array类模板\Debug\cl.command.1.tlog
D:\C艹练习\Array类模板\Debug\CL.read.1.tlog
D:\C艹练习\Array类模板\Debug\CL.write.1.tlog
D:\C艹练习\Array类模板\Debug\link-cvtres.read.1.tlog
D:\C艹练习\Array类模板\Debug\link-cvtres.write.1.tlog
D:\C艹练习\Array类模板\Debug\link-rc.read.1.tlog
D:\C艹练习\Array类模板\Debug\link-rc.write.1.tlog
D:\C艹练习\Array类模板\Debug\link.command.1.tlog
D:\C艹练习\Array类模板\Debug\link.read.1.tlog
D:\C艹练习\Array类模板\Debug\link.write.1.tlog
D:\C艹练习\Array类模板\Debug\vc110.idb
D:\C艹练习\Array类模板\Debug\Array类模板.pdb
D:\C艹练习\Array类模板\Debug\vc110.pdb
D:\C艹练习\Array类模板\Debug\Array类模板.exe
