D:\C艹练习\时间结构体\DEBUG\源.OBJ
D:\C艹练习\时间结构体\DEBUG\VC110.PDB
D:\C艹练习\时间结构体\DEBUG\时间结构体.ILK
D:\C艹练习\时间结构体\DEBUG\时间结构体.EXE
D:\C艹练习\时间结构体\DEBUG\时间结构体.PDB
D:\C艹练习\时间结构体\Debug\源.obj
D:\C艹练习\时间结构体\Debug\时间结构体.ilk
D:\C艹练习\时间结构体\Debug\cl.command.1.tlog
D:\C艹练习\时间结构体\Debug\CL.read.1.tlog
D:\C艹练习\时间结构体\Debug\CL.write.1.tlog
D:\C艹练习\时间结构体\Debug\link-cvtres.read.1.tlog
D:\C艹练习\时间结构体\Debug\link-cvtres.write.1.tlog
D:\C艹练习\时间结构体\Debug\link-rc.read.1.tlog
D:\C艹练习\时间结构体\Debug\link-rc.write.1.tlog
D:\C艹练习\时间结构体\Debug\link.command.1.tlog
D:\C艹练习\时间结构体\Debug\link.read.1.tlog
D:\C艹练习\时间结构体\Debug\link.write.1.tlog
D:\C艹练习\时间结构体\Debug\vc110.idb
D:\C艹练习\时间结构体\Debug\vc110.pdb
D:\C艹练习\时间结构体\Debug\时间结构体.pdb
D:\C艹练习\时间结构体\Debug\时间结构体.exe
