D:\C艹练习\质数筛选\DEBUG\源.OBJ
D:\C艹练习\质数筛选\DEBUG\VC110.PDB
D:\C艹练习\质数筛选\DEBUG\质数筛选.ILK
D:\C艹练习\质数筛选\DEBUG\质数筛选.EXE
D:\C艹练习\质数筛选\DEBUG\质数筛选.PDB
D:\C艹练习\质数筛选\Debug\源.obj
D:\C艹练习\质数筛选\Debug\质数筛选.ilk
D:\C艹练习\质数筛选\Debug\cl.command.1.tlog
D:\C艹练习\质数筛选\Debug\CL.read.1.tlog
D:\C艹练习\质数筛选\Debug\CL.write.1.tlog
D:\C艹练习\质数筛选\Debug\link-cvtres.read.1.tlog
D:\C艹练习\质数筛选\Debug\link-cvtres.write.1.tlog
D:\C艹练习\质数筛选\Debug\link-rc.read.1.tlog
D:\C艹练习\质数筛选\Debug\link-rc.write.1.tlog
D:\C艹练习\质数筛选\Debug\link.command.1.tlog
D:\C艹练习\质数筛选\Debug\link.read.1.tlog
D:\C艹练习\质数筛选\Debug\link.write.1.tlog
D:\C艹练习\质数筛选\Debug\vc110.idb
D:\C艹练习\质数筛选\Debug\vc110.pdb
D:\C艹练习\质数筛选\Debug\质数筛选.pdb
D:\C艹练习\质数筛选\Debug\质数筛选.exe
