D:\C艹练习\自然数求和\DEBUG\源.OBJ
D:\C艹练习\自然数求和\DEBUG\VC110.PDB
D:\C艹练习\自然数求和\DEBUG\自然数求和.ILK
D:\C艹练习\自然数求和\DEBUG\自然数求和.EXE
D:\C艹练习\自然数求和\DEBUG\自然数求和.PDB
D:\C艹练习\自然数求和\Debug\源.obj
D:\C艹练习\自然数求和\Debug\自然数求和.ilk
D:\C艹练习\自然数求和\Debug\cl.command.1.tlog
D:\C艹练习\自然数求和\Debug\CL.read.1.tlog
D:\C艹练习\自然数求和\Debug\CL.write.1.tlog
D:\C艹练习\自然数求和\Debug\link-cvtres.read.1.tlog
D:\C艹练习\自然数求和\Debug\link-cvtres.write.1.tlog
D:\C艹练习\自然数求和\Debug\link-rc.read.1.tlog
D:\C艹练习\自然数求和\Debug\link-rc.write.1.tlog
D:\C艹练习\自然数求和\Debug\link.command.1.tlog
D:\C艹练习\自然数求和\Debug\link.read.1.tlog
D:\C艹练习\自然数求和\Debug\link.write.1.tlog
D:\C艹练习\自然数求和\Debug\vc110.idb
D:\C艹练习\自然数求和\Debug\vc110.pdb
D:\C艹练习\自然数求和\Debug\自然数求和.pdb
D:\C艹练习\自然数求和\Debug\自然数求和.exe
