D:\C艹练习\链表插入\DEBUG\源.OBJ
D:\C艹练习\链表插入\DEBUG\VC110.PDB
D:\C艹练习\链表插入\DEBUG\链表插入.ILK
D:\C艹练习\链表插入\DEBUG\链表插入.EXE
D:\C艹练习\链表插入\DEBUG\链表插入.PDB
D:\C艹练习\链表插入\Debug\源.obj
D:\C艹练习\链表插入\Debug\链表插入.ilk
D:\C艹练习\链表插入\Debug\cl.command.1.tlog
D:\C艹练习\链表插入\Debug\CL.read.1.tlog
D:\C艹练习\链表插入\Debug\CL.write.1.tlog
D:\C艹练习\链表插入\Debug\link-cvtres.read.1.tlog
D:\C艹练习\链表插入\Debug\link-cvtres.write.1.tlog
D:\C艹练习\链表插入\Debug\link-rc.read.1.tlog
D:\C艹练习\链表插入\Debug\link-rc.write.1.tlog
D:\C艹练习\链表插入\Debug\link.command.1.tlog
D:\C艹练习\链表插入\Debug\link.read.1.tlog
D:\C艹练习\链表插入\Debug\link.write.1.tlog
D:\C艹练习\链表插入\Debug\vc110.idb
D:\C艹练习\链表插入\Debug\vc110.pdb
D:\C艹练习\链表插入\Debug\链表插入.pdb
D:\C艹练习\链表插入\Debug\链表插入.exe
