D:\C艹练习\1到N之和（递归）\DEBUG\源.OBJ
D:\C艹练习\1到N之和（递归）\DEBUG\VC110.PDB
D:\C艹练习\1到N之和（递归）\DEBUG\1到N之和（递归）.ILK
D:\C艹练习\1到N之和（递归）\DEBUG\1到N之和（递归）.EXE
D:\C艹练习\1到N之和（递归）\DEBUG\1到N之和（递归）.PDB
D:\C艹练习\1到N之和（递归）\Debug\源.obj
D:\C艹练习\1到N之和（递归）\Debug\1到N之和（递归）.ilk
D:\C艹练习\1到N之和（递归）\Debug\cl.command.1.tlog
D:\C艹练习\1到N之和（递归）\Debug\CL.read.1.tlog
D:\C艹练习\1到N之和（递归）\Debug\CL.write.1.tlog
D:\C艹练习\1到N之和（递归）\Debug\link-cvtres.read.1.tlog
D:\C艹练习\1到N之和（递归）\Debug\link-cvtres.write.1.tlog
D:\C艹练习\1到N之和（递归）\Debug\link-rc.read.1.tlog
D:\C艹练习\1到N之和（递归）\Debug\link-rc.write.1.tlog
D:\C艹练习\1到N之和（递归）\Debug\link.command.1.tlog
D:\C艹练习\1到N之和（递归）\Debug\link.read.1.tlog
D:\C艹练习\1到N之和（递归）\Debug\link.write.1.tlog
D:\C艹练习\1到N之和（递归）\Debug\vc110.idb
D:\C艹练习\1到N之和（递归）\Debug\1到N之和（递归）.pdb
D:\C艹练习\1到N之和（递归）\Debug\vc110.pdb
D:\C艹练习\1到N之和（递归）\Debug\1到N之和（递归）.exe
