D:\C艹练习\BUBBLESORT\DEBUG\源.OBJ
D:\C艹练习\BUBBLESORT\DEBUG\VC110.PDB
D:\C艹练习\BUBBLESORT\DEBUG\BUBBLESORT.ILK
D:\C艹练习\BUBBLESORT\DEBUG\BUBBLESORT.EXE
D:\C艹练习\BUBBLESORT\DEBUG\BUBBLESORT.PDB
D:\C艹练习\bubbleSort\Debug\源.obj
D:\C艹练习\bubbleSort\Debug\bubbleSort.ilk
D:\C艹练习\bubbleSort\Debug\cl.command.1.tlog
D:\C艹练习\bubbleSort\Debug\CL.read.1.tlog
D:\C艹练习\bubbleSort\Debug\CL.write.1.tlog
D:\C艹练习\bubbleSort\Debug\link-cvtres.read.1.tlog
D:\C艹练习\bubbleSort\Debug\link-cvtres.write.1.tlog
D:\C艹练习\bubbleSort\Debug\link-rc.read.1.tlog
D:\C艹练习\bubbleSort\Debug\link-rc.write.1.tlog
D:\C艹练习\bubbleSort\Debug\link.command.1.tlog
D:\C艹练习\bubbleSort\Debug\link.read.1.tlog
D:\C艹练习\bubbleSort\Debug\link.write.1.tlog
D:\C艹练习\bubbleSort\Debug\vc110.idb
D:\C艹练习\bubbleSort\Debug\bubbleSort.pdb
D:\C艹练习\bubbleSort\Debug\vc110.pdb
D:\C艹练习\bubbleSort\Debug\bubbleSort.exe
