D:\C艹练习\考第一题\DEBUG\MAIN.OBJ
D:\C艹练习\考第一题\DEBUG\VC110.PDB
D:\C艹练习\考第一题\DEBUG\考第一题.ILK
D:\C艹练习\考第一题\DEBUG\考第一题.EXE
D:\C艹练习\考第一题\DEBUG\考第一题.PDB
D:\C艹练习\考第一题\Debug\main.obj
D:\C艹练习\考第一题\Debug\考第一题.ilk
D:\C艹练习\考第一题\Debug\cl.command.1.tlog
D:\C艹练习\考第一题\Debug\CL.read.1.tlog
D:\C艹练习\考第一题\Debug\CL.write.1.tlog
D:\C艹练习\考第一题\Debug\link-cvtres.read.1.tlog
D:\C艹练习\考第一题\Debug\link-cvtres.write.1.tlog
D:\C艹练习\考第一题\Debug\link-rc.read.1.tlog
D:\C艹练习\考第一题\Debug\link-rc.write.1.tlog
D:\C艹练习\考第一题\Debug\link.command.1.tlog
D:\C艹练习\考第一题\Debug\link.read.1.tlog
D:\C艹练习\考第一题\Debug\link.write.1.tlog
D:\C艹练习\考第一题\Debug\vc110.idb
D:\C艹练习\考第一题\Debug\vc110.pdb
D:\C艹练习\考第一题\Debug\考第一题.pdb
D:\C艹练习\考第一题\Debug\考第一题.exe
