D:\C艹练习\DOG新建\DEBUG\源.OBJ
D:\C艹练习\DOG新建\DEBUG\源1.OBJ
D:\C艹练习\DOG新建\DEBUG\VC110.PDB
D:\C艹练习\DOG新建\DEBUG\DOG新建.ILK
D:\C艹练习\DOG新建\DEBUG\DOG新建.EXE
D:\C艹练习\DOG新建\DEBUG\DOG新建.PDB
D:\C艹练习\dog新建\Debug\源.obj
D:\C艹练习\dog新建\Debug\源1.obj
D:\C艹练习\dog新建\Debug\dog新建.ilk
D:\C艹练习\dog新建\Debug\cl.command.1.tlog
D:\C艹练习\dog新建\Debug\CL.read.1.tlog
D:\C艹练习\dog新建\Debug\CL.write.1.tlog
D:\C艹练习\dog新建\Debug\link-cvtres.read.1.tlog
D:\C艹练习\dog新建\Debug\link-cvtres.write.1.tlog
D:\C艹练习\dog新建\Debug\link-rc.read.1.tlog
D:\C艹练习\dog新建\Debug\link-rc.write.1.tlog
D:\C艹练习\dog新建\Debug\link.command.1.tlog
D:\C艹练习\dog新建\Debug\link.read.1.tlog
D:\C艹练习\dog新建\Debug\link.write.1.tlog
D:\C艹练习\dog新建\Debug\vc110.idb
D:\C艹练习\dog新建\Debug\dog新建.pdb
D:\C艹练习\dog新建\Debug\vc110.pdb
D:\C艹练习\dog新建\Debug\dog新建.exe
