D:\C艹练习\温度转换\DEBUG\源.OBJ
D:\C艹练习\温度转换\DEBUG\VC110.PDB
D:\C艹练习\温度转换\DEBUG\温度转换.ILK
D:\C艹练习\温度转换\DEBUG\温度转换.EXE
D:\C艹练习\温度转换\DEBUG\温度转换.PDB
D:\C艹练习\温度转换\Debug\源.obj
D:\C艹练习\温度转换\Debug\温度转换.ilk
D:\C艹练习\温度转换\Debug\cl.command.1.tlog
D:\C艹练习\温度转换\Debug\CL.read.1.tlog
D:\C艹练习\温度转换\Debug\CL.write.1.tlog
D:\C艹练习\温度转换\Debug\link-cvtres.read.1.tlog
D:\C艹练习\温度转换\Debug\link-cvtres.write.1.tlog
D:\C艹练习\温度转换\Debug\link-rc.read.1.tlog
D:\C艹练习\温度转换\Debug\link-rc.write.1.tlog
D:\C艹练习\温度转换\Debug\link.command.1.tlog
D:\C艹练习\温度转换\Debug\link.read.1.tlog
D:\C艹练习\温度转换\Debug\link.write.1.tlog
D:\C艹练习\温度转换\Debug\vc110.idb
D:\C艹练习\温度转换\Debug\vc110.pdb
D:\C艹练习\温度转换\Debug\温度转换.pdb
D:\C艹练习\温度转换\Debug\温度转换.exe
