D:\C艹练习\第四题重做\DEBUG\MAIN.OBJ
D:\C艹练习\第四题重做\DEBUG\MYMATRIX.OBJ
D:\C艹练习\第四题重做\DEBUG\VC110.PDB
D:\C艹练习\第四题重做\DEBUG\第四题重做.ILK
D:\C艹练习\第四题重做\DEBUG\第四题重做.EXE
D:\C艹练习\第四题重做\DEBUG\第四题重做.PDB
D:\C艹练习\第四题重做\Debug\main.obj
D:\C艹练习\第四题重做\Debug\myMatrix.obj
D:\C艹练习\第四题重做\Debug\第四题重做.ilk
D:\C艹练习\第四题重做\Debug\cl.command.1.tlog
D:\C艹练习\第四题重做\Debug\CL.read.1.tlog
D:\C艹练习\第四题重做\Debug\CL.write.1.tlog
D:\C艹练习\第四题重做\Debug\link-cvtres.read.1.tlog
D:\C艹练习\第四题重做\Debug\link-cvtres.write.1.tlog
D:\C艹练习\第四题重做\Debug\link-rc.read.1.tlog
D:\C艹练习\第四题重做\Debug\link-rc.write.1.tlog
D:\C艹练习\第四题重做\Debug\link.command.1.tlog
D:\C艹练习\第四题重做\Debug\link.read.1.tlog
D:\C艹练习\第四题重做\Debug\link.write.1.tlog
D:\C艹练习\第四题重做\Debug\vc110.idb
D:\C艹练习\第四题重做\Debug\vc110.pdb
D:\C艹练习\第四题重做\Debug\第四题重做.pdb
D:\C艹练习\第四题重做\Debug\第四题重做.exe
