D:\C艹练习\数组字符串连接\DEBUG\源.OBJ
D:\C艹练习\数组字符串连接\DEBUG\VC110.PDB
D:\C艹练习\数组字符串连接\DEBUG\数组字符串连接.ILK
D:\C艹练习\数组字符串连接\DEBUG\数组字符串连接.EXE
D:\C艹练习\数组字符串连接\DEBUG\数组字符串连接.PDB
D:\C艹练习\数组字符串连接\Debug\源.obj
D:\C艹练习\数组字符串连接\Debug\数组字符串连接.ilk
D:\C艹练习\数组字符串连接\Debug\cl.command.1.tlog
D:\C艹练习\数组字符串连接\Debug\CL.read.1.tlog
D:\C艹练习\数组字符串连接\Debug\CL.write.1.tlog
D:\C艹练习\数组字符串连接\Debug\link-cvtres.read.1.tlog
D:\C艹练习\数组字符串连接\Debug\link-cvtres.write.1.tlog
D:\C艹练习\数组字符串连接\Debug\link-rc.read.1.tlog
D:\C艹练习\数组字符串连接\Debug\link-rc.write.1.tlog
D:\C艹练习\数组字符串连接\Debug\link.command.1.tlog
D:\C艹练习\数组字符串连接\Debug\link.read.1.tlog
D:\C艹练习\数组字符串连接\Debug\link.write.1.tlog
D:\C艹练习\数组字符串连接\Debug\vc110.idb
D:\C艹练习\数组字符串连接\Debug\vc110.pdb
D:\C艹练习\数组字符串连接\Debug\数组字符串连接.pdb
D:\C艹练习\数组字符串连接\Debug\数组字符串连接.exe
