D:\C艹练习\BASECLASS\DEBUG\BASECLASSS.OBJ
D:\C艹练习\BASECLASS\DEBUG\VC110.PDB
D:\C艹练习\BASECLASS\DEBUG\BASECLASS.ILK
D:\C艹练习\BASECLASS\DEBUG\BASECLASS.EXE
D:\C艹练习\BASECLASS\DEBUG\BASECLASS.PDB
D:\C艹练习\BaseClass\Debug\BaseClasss.obj
D:\C艹练习\BaseClass\Debug\BaseClass.ilk
D:\C艹练习\BaseClass\Debug\cl.command.1.tlog
D:\C艹练习\BaseClass\Debug\CL.read.1.tlog
D:\C艹练习\BaseClass\Debug\CL.write.1.tlog
D:\C艹练习\BaseClass\Debug\link-cvtres.read.1.tlog
D:\C艹练习\BaseClass\Debug\link-cvtres.write.1.tlog
D:\C艹练习\BaseClass\Debug\link-rc.read.1.tlog
D:\C艹练习\BaseClass\Debug\link-rc.write.1.tlog
D:\C艹练习\BaseClass\Debug\link.command.1.tlog
D:\C艹练习\BaseClass\Debug\link.read.1.tlog
D:\C艹练习\BaseClass\Debug\link.write.1.tlog
D:\C艹练习\BaseClass\Debug\vc110.idb
D:\C艹练习\BaseClass\Debug\BaseClass.pdb
D:\C艹练习\BaseClass\Debug\vc110.pdb
D:\C艹练习\BaseClass\Debug\BaseClass.exe
